<?xml version="1.0" encoding="UTF-8"?>
<!-- Generated by org.testng.reporters.JUnitReportReporter -->
<testsuite hostname="LAPTOP-6KLAAC9R" failures="0" tests="1" name="pageobjects.ValidationTest" time="19.608" errors="0" timestamp="2024-07-16T15:48:56 IST" skipped="0">
  <testcase classname="pageobjects.ValidationTest" name="validation" time="19.608"/>
  <system-out/>
</testsuite> <!-- pageobjects.ValidationTest -->
