<?xml version="1.0" encoding="UTF-8"?>
<!-- Generated by org.testng.reporters.JUnitReportReporter -->
<testsuite hostname="LAPTOP-6KLAAC9R" failures="0" tests="1" name="test.ValidationTest" time="7.118" errors="0" timestamp="2024-07-18T22:21:02 IST" skipped="0">
  <testcase classname="test.ValidationTest" name="validation" time="7.118"/>
  <system-out/>
</testsuite> <!-- test.ValidationTest -->
